[INFO] Request from: ::1 on Ressource: /api/auth/register at: Wed, 29 Jun 2022 11:50:26 GMT
[INFO] Request from: ::1 on Ressource: /api/auth/register at: Wed, 29 Jun 2022 11:50:54 GMT
[INFO] Request from: ::1 on Ressource: /api/auth/register at: Wed, 29 Jun 2022 11:58:36 GMT
[INFO] Request from: ::1 on Ressource: /api/auth/register at: Wed, 29 Jun 2022 12:00:20 GMT
[INFO] Request from: ::1 on Ressource: /api/auth/register at: Wed, 29 Jun 2022 12:00:34 GMT
[INFO] Request from: ::1 on Ressource: /api/auth/register at: Wed, 29 Jun 2022 12:37:36 GMT
[INFO] Request from: ::1 on Ressource: /api/auth/register at: Wed, 29 Jun 2022 12:37:55 GMT
[INFO] Request from: ::1 on Ressource: /api/auth/register at: Wed, 29 Jun 2022 12:40:10 GMT
[INFO] Request from: ::1 on Ressource: /api/auth/register at: Wed, 29 Jun 2022 12:48:41 GMT
[INFO] Request from: ::1 on Ressource: /api/auth/register at: Wed, 29 Jun 2022 12:48:46 GMT
[INFO] Request from: ::1 on Ressource: /api/auth/register at: Wed, 29 Jun 2022 12:49:15 GMT
[INFO] Request from: ::1 on Ressource: /api/auth/register at: Wed, 29 Jun 2022 12:49:18 GMT
[INFO] Request from: ::1 on Ressource: /api/auth/register at: Wed, 29 Jun 2022 12:49:39 GMT
[INFO] Request from: ::1 on Ressource: /api/auth/register at: Wed, 29 Jun 2022 12:52:27 GMT
[INFO] Request from: ::1 on Ressource: /api/auth/register at: Wed, 29 Jun 2022 12:52:39 GMT
[INFO] Request from: ::1 on Ressource: /api/auth/register at: Wed, 29 Jun 2022 12:52:46 GMT
[INFO] Request from: ::1 on Ressource: /api/auth/register at: Wed, 29 Jun 2022 12:52:51 GMT
[INFO] Request from: ::1 on Ressource: /api/auth/register at: Wed, 29 Jun 2022 12:52:58 GMT
[INFO] Request from: ::1 on Ressource: /api/auth/register at: Wed, 29 Jun 2022 12:53:01 GMT
[INFO] Request from: ::1 on Ressource: /api/auth/register at: Wed, 29 Jun 2022 12:53:09 GMT
[INFO] Request from: ::1 on Ressource: /api/auth/register at: Wed, 29 Jun 2022 12:57:04 GMT
[INFO] Request from: ::1 on Ressource: /api/auth/register at: Wed, 29 Jun 2022 12:59:03 GMT
[INFO] Request from: ::1 on Ressource: /api/auth/register at: Thu, 30 Jun 2022 21:01:20 GMT
[INFO] Request from: ::1 on Ressource: /api/auth/register at: Thu, 30 Jun 2022 21:01:43 GMT
[INFO] Request from: ::1 on Ressource: /api/auth/register at: Thu, 30 Jun 2022 21:01:58 GMT
[INFO] Request from: ::1 on Ressource: /api/auth/register at: Thu, 30 Jun 2022 21:02:51 GMT
[INFO] Request from: ::1 on Ressource: /api/auth/register at: Thu, 30 Jun 2022 21:04:36 GMT
[INFO] Request from: ::1 on Ressource: /api/auth/register at: Thu, 30 Jun 2022 21:05:13 GMT
[INFO] Request from: ::1 on Ressource: /api/auth/register at: Thu, 30 Jun 2022 21:06:00 GMT
[INFO] Request from: ::1 on Ressource: /api/auth/register at: Thu, 30 Jun 2022 21:08:28 GMT
[INFO] Request from: ::1 on Ressource: /api/auth/register at: Fri, 01 Jul 2022 19:34:04 GMT
[INFO] Request from: ::1 on Ressource: /api/auth/register at: Fri, 01 Jul 2022 19:38:39 GMT
[INFO] Request from: ::1 on Ressource: /api/auth/register at: Fri, 01 Jul 2022 19:38:53 GMT
[INFO] Request from: ::1 on Ressource: /api/auth/login at: Fri, 01 Jul 2022 19:41:46 GMT
[INFO] Request from: ::1 on Ressource: /api/auth/login at: Fri, 01 Jul 2022 19:41:50 GMT
[INFO] Request from: ::1 on Ressource: /api/auth/register at: Fri, 01 Jul 2022 19:43:02 GMT
[INFO] Request from: ::1 on Ressource: /api/auth/register at: Fri, 01 Jul 2022 19:44:03 GMT
[INFO] Request from: ::1 on Ressource: /api/auth/register at: Fri, 01 Jul 2022 19:46:26 GMT
[INFO] Request from: ::1 on Ressource: /api/auth/register at: Fri, 01 Jul 2022 19:54:45 GMT
[INFO] Request from: ::1 on Ressource: /api/auth/register at: Fri, 01 Jul 2022 19:54:54 GMT
[INFO] Request from: ::1 on Ressource: /api/auth/register at: Fri, 01 Jul 2022 20:13:49 GMT
[INFO] Request from: ::1 on Ressource: /api/auth/register at: Fri, 01 Jul 2022 20:14:50 GMT
[INFO] Request from: ::1 on Ressource: /api/auth/register at: Fri, 01 Jul 2022 20:47:27 GMT
[INFO] Request from: ::1 on Ressource: /api/auth/login at: Fri, 01 Jul 2022 20:58:49 GMT
[INFO] Request from: ::1 on Ressource: /api/auth/login at: Fri, 01 Jul 2022 20:58:53 GMT
[INFO] Request from: ::1 on Ressource: /api/auth/login at: Fri, 01 Jul 2022 21:00:30 GMT
[INFO] Request from: ::1 on Ressource: /api/auth/login at: Fri, 01 Jul 2022 21:00:33 GMT
[INFO] Request from: ::1 on Ressource: /api/auth/register at: Fri, 01 Jul 2022 21:00:59 GMT
[INFO] Request from: ::1 on Ressource: /api/auth/register at: Sat, 02 Jul 2022 08:21:22 GMT
[INFO] Request from: ::1 on Ressource: /api/auth/register at: Sat, 02 Jul 2022 08:24:31 GMT
[INFO] Request from: ::1 on Ressource: /api/auth/login at: Sat, 02 Jul 2022 08:26:07 GMT
[INFO] Request from: ::1 on Ressource: /api/auth/login at: Sat, 02 Jul 2022 08:28:09 GMT
[INFO] Request from: ::1 on Ressource: /api/auth/login at: Sat, 02 Jul 2022 08:28:16 GMT
[INFO] Request from: ::1 on Ressource: /api/auth/login at: Sat, 02 Jul 2022 08:28:18 GMT
[INFO] Request from: ::1 on Ressource: /api/auth/login at: Sat, 02 Jul 2022 08:28:20 GMT
[INFO] Request from: ::1 on Ressource: /api/auth/logout at: Sat, 02 Jul 2022 08:41:57 GMT
[INFO] Request from: ::1 on Ressource: /api/auth/logout at: Sat, 02 Jul 2022 08:42:43 GMT
[INFO] Request from: ::1 on Ressource: /api/auth/logout at: Sat, 02 Jul 2022 08:44:53 GMT
[INFO] Request from: ::1 on Ressource: /api/auth/logout at: Sat, 02 Jul 2022 08:45:32 GMT
[INFO] Request from: ::1 on Ressource: /api/auth/register at: Sat, 02 Jul 2022 08:56:16 GMT
[INFO] Request from: ::1 on Ressource: /api/auth/login at: Sat, 02 Jul 2022 08:56:21 GMT
[INFO] Request from: ::1 on Ressource: /%PUBLIC_URL%/manifest.json at: Wed, 20 Jul 2022 15:27:09 GMT
[INFO] Request from: ::1 on Ressource: /favicon.ico at: Wed, 20 Jul 2022 15:27:09 GMT
[INFO] Request from: ::1 on Ressource: /api/auth/login at: Wed, 20 Jul 2022 15:27:12 GMT
[INFO] Request from: ::1 on Ressource: /api/auth/login at: Wed, 20 Jul 2022 15:35:25 GMT
[INFO] Request from: ::1 on Ressource: /api/auth/login at: Wed, 20 Jul 2022 15:41:43 GMT
[INFO] Request from: ::1 on Ressource: /api/auth/login at: Wed, 20 Jul 2022 15:42:22 GMT
[INFO] Request from: ::1 on Ressource: /api/auth/login at: Wed, 20 Jul 2022 15:42:50 GMT
[INFO] Request from: ::1 on Ressource: /api/auth/login at: Wed, 20 Jul 2022 15:43:29 GMT
[INFO] Request from: ::1 on Ressource: /api/auth/login at: Wed, 20 Jul 2022 15:44:47 GMT
